INFO: MineTweaker: Building registry
INFO: MineTweaker: Sucessfully built item registry
INFO: Adding minetweaker command mfr
INFO: Hello world!
INFO: Adding recipe for Сингулярность
INFO: Removing 1 recipes
INFO: Adding recipe for Fuel
INFO: Adding recipe for Fuel
INFO: Adding recipe for Fuel
INFO: Adding recipe for Fuel
INFO: Removing 1 recipes
INFO: Removing 1 recipes
INFO: Removing 1 recipes
INFO: Removing 1 recipes
INFO: Removing 1 recipes
INFO: Removing 1 recipes
INFO: Removing 1 recipes
INFO: Removing 1 recipes
INFO: Removing 1 recipes
INFO: Removing 1 recipes
INFO: Removing 1 recipes
INFO: Adding recipe for Лента 30мм взрывных боеприпасов.name
INFO: Adding recipe for Лента 30мм бронебойных боеприпасов.name
INFO: Adding recipe for ПТУР.name
INFO: Adding recipe for 120ММ HEAT.name
INFO: Adding recipe for FGM-148 Javelin Ammo
INFO: Adding recipe for FGM-148 Javelin
INFO: Removing recipe for FGM-148 Javelin
INFO: Removing recipe for FGM-148 Javelin Ammo
INFO: Removing recipe for 120ММ HEAT.name
INFO: Removing recipe for ПТУР.name
INFO: Removing recipe for Лента 30мм бронебойных боеприпасов.name
INFO: Removing recipe for Лента 30мм взрывных боеприпасов.name
INFO: Restoring 1 recipes
INFO: Restoring 1 recipes
INFO: Restoring 1 recipes
INFO: Restoring 1 recipes
INFO: Restoring 1 recipes
INFO: Restoring 1 recipes
INFO: Restoring 1 recipes
INFO: Restoring 1 recipes
INFO: Restoring 1 recipes
INFO: Restoring 1 recipes
INFO: Restoring 1 recipes
INFO: Removing recipe for Fuel
INFO: Removing recipe for Fuel
INFO: Removing recipe for Fuel
INFO: Removing recipe for Fuel
INFO: Restoring 1 recipes
INFO: Removing recipe for Сингулярность
INFO: tried to remove command: mfr failed. THIS IS NOT AN ERROR!
INFO: 
INFO: Hello world!
INFO: Adding recipe for Сингулярность
INFO: Removing 1 recipes
INFO: Adding recipe for Fuel
INFO: Adding recipe for Fuel
INFO: Adding recipe for Fuel
INFO: Adding recipe for Fuel
INFO: Removing 1 recipes
INFO: Removing 1 recipes
INFO: Removing 1 recipes
INFO: Removing 1 recipes
INFO: Removing 1 recipes
INFO: Removing 1 recipes
INFO: Removing 1 recipes
INFO: Removing 1 recipes
INFO: Removing 1 recipes
INFO: Removing 1 recipes
INFO: Removing 1 recipes
INFO: Adding recipe for Лента 30мм взрывных боеприпасов.name
INFO: Adding recipe for Лента 30мм бронебойных боеприпасов.name
INFO: Adding recipe for ПТУР.name
INFO: Adding recipe for 120ММ HEAT.name
INFO: Adding recipe for FGM-148 Javelin Ammo
INFO: Adding recipe for FGM-148 Javelin
INFO: Removing recipe for FGM-148 Javelin
INFO: Removing recipe for FGM-148 Javelin Ammo
INFO: Removing recipe for 120ММ HEAT.name
INFO: Removing recipe for ПТУР.name
INFO: Removing recipe for Лента 30мм бронебойных боеприпасов.name
INFO: Removing recipe for Лента 30мм взрывных боеприпасов.name
INFO: Restoring 1 recipes
INFO: Restoring 1 recipes
INFO: Restoring 1 recipes
INFO: Restoring 1 recipes
INFO: Restoring 1 recipes
INFO: Restoring 1 recipes
INFO: Restoring 1 recipes
INFO: Restoring 1 recipes
INFO: Restoring 1 recipes
INFO: Restoring 1 recipes
INFO: Restoring 1 recipes
INFO: Removing recipe for Fuel
INFO: Removing recipe for Fuel
INFO: Removing recipe for Fuel
INFO: Removing recipe for Fuel
INFO: Restoring 1 recipes
INFO: Removing recipe for Сингулярность
INFO: tried to remove command: mfr failed. THIS IS NOT AN ERROR!
INFO: 
INFO: Hello world!
INFO: Adding recipe for Сингулярность
INFO: Removing 1 recipes
INFO: Adding recipe for Fuel
INFO: Adding recipe for Fuel
INFO: Adding recipe for Fuel
INFO: Adding recipe for Fuel
INFO: Removing 1 recipes
INFO: Removing 1 recipes
INFO: Removing 1 recipes
INFO: Removing 1 recipes
INFO: Removing 1 recipes
INFO: Removing 1 recipes
INFO: Removing 1 recipes
INFO: Removing 1 recipes
INFO: Removing 1 recipes
INFO: Removing 1 recipes
INFO: Removing 1 recipes
INFO: Adding recipe for Лента 30мм взрывных боеприпасов.name
INFO: Adding recipe for Лента 30мм бронебойных боеприпасов.name
INFO: Adding recipe for ПТУР.name
INFO: Adding recipe for 120ММ HEAT.name
INFO: Adding recipe for FGM-148 Javelin Ammo
INFO: Adding recipe for FGM-148 Javelin
INFO: Removing recipe for FGM-148 Javelin
INFO: Removing recipe for FGM-148 Javelin Ammo
INFO: Removing recipe for 120ММ HEAT.name
INFO: Removing recipe for ПТУР.name
INFO: Removing recipe for Лента 30мм бронебойных боеприпасов.name
INFO: Removing recipe for Лента 30мм взрывных боеприпасов.name
INFO: Restoring 1 recipes
INFO: Restoring 1 recipes
INFO: Restoring 1 recipes
INFO: Restoring 1 recipes
INFO: Restoring 1 recipes
INFO: Restoring 1 recipes
INFO: Restoring 1 recipes
INFO: Restoring 1 recipes
INFO: Restoring 1 recipes
INFO: Restoring 1 recipes
INFO: Restoring 1 recipes
INFO: Removing recipe for Fuel
INFO: Removing recipe for Fuel
INFO: Removing recipe for Fuel
INFO: Removing recipe for Fuel
INFO: Restoring 1 recipes
INFO: Removing recipe for Сингулярность
INFO: tried to remove command: mfr failed. THIS IS NOT AN ERROR!
INFO: 
INFO: Hello world!
INFO: Adding recipe for Сингулярность
INFO: Removing 1 recipes
INFO: Adding recipe for Fuel
INFO: Adding recipe for Fuel
INFO: Adding recipe for Fuel
INFO: Adding recipe for Fuel
INFO: Removing 1 recipes
INFO: Removing 1 recipes
INFO: Removing 1 recipes
INFO: Removing 1 recipes
INFO: Removing 1 recipes
INFO: Removing 1 recipes
INFO: Removing 1 recipes
INFO: Removing 1 recipes
INFO: Removing 1 recipes
INFO: Removing 1 recipes
INFO: Removing 1 recipes
INFO: Adding recipe for Лента 30мм взрывных боеприпасов.name
INFO: Adding recipe for Лента 30мм бронебойных боеприпасов.name
INFO: Adding recipe for ПТУР.name
INFO: Adding recipe for 120ММ HEAT.name
INFO: Adding recipe for FGM-148 Javelin Ammo
INFO: Adding recipe for FGM-148 Javelin
INFO: Removing recipe for FGM-148 Javelin
INFO: Removing recipe for FGM-148 Javelin Ammo
INFO: Removing recipe for 120ММ HEAT.name
INFO: Removing recipe for ПТУР.name
INFO: Removing recipe for Лента 30мм бронебойных боеприпасов.name
INFO: Removing recipe for Лента 30мм взрывных боеприпасов.name
INFO: Restoring 1 recipes
INFO: Restoring 1 recipes
INFO: Restoring 1 recipes
INFO: Restoring 1 recipes
INFO: Restoring 1 recipes
INFO: Restoring 1 recipes
INFO: Restoring 1 recipes
INFO: Restoring 1 recipes
INFO: Restoring 1 recipes
INFO: Restoring 1 recipes
INFO: Restoring 1 recipes
INFO: Removing recipe for Fuel
INFO: Removing recipe for Fuel
INFO: Removing recipe for Fuel
INFO: Removing recipe for Fuel
INFO: Restoring 1 recipes
INFO: Removing recipe for Сингулярность
INFO: tried to remove command: mfr failed. THIS IS NOT AN ERROR!
INFO: 
INFO: Hello world!
INFO: Adding recipe for Сингулярность
INFO: Removing 1 recipes
INFO: Adding recipe for Fuel
INFO: Adding recipe for Fuel
INFO: Adding recipe for Fuel
INFO: Adding recipe for Fuel
INFO: Removing 1 recipes
INFO: Removing 1 recipes
INFO: Removing 1 recipes
INFO: Removing 1 recipes
INFO: Removing 1 recipes
INFO: Removing 1 recipes
INFO: Removing 1 recipes
INFO: Removing 1 recipes
INFO: Removing 1 recipes
INFO: Removing 1 recipes
INFO: Removing 1 recipes
INFO: Adding recipe for Лента 30мм взрывных боеприпасов.name
INFO: Adding recipe for Лента 30мм бронебойных боеприпасов.name
INFO: Adding recipe for ПТУР.name
INFO: Adding recipe for 120ММ HEAT.name
INFO: Adding recipe for FGM-148 Javelin Ammo
INFO: Adding recipe for FGM-148 Javelin
INFO: Removing recipe for FGM-148 Javelin
INFO: Removing recipe for FGM-148 Javelin Ammo
INFO: Removing recipe for 120ММ HEAT.name
INFO: Removing recipe for ПТУР.name
INFO: Removing recipe for Лента 30мм бронебойных боеприпасов.name
INFO: Removing recipe for Лента 30мм взрывных боеприпасов.name
INFO: Restoring 1 recipes
INFO: Restoring 1 recipes
INFO: Restoring 1 recipes
INFO: Restoring 1 recipes
INFO: Restoring 1 recipes
INFO: Restoring 1 recipes
INFO: Restoring 1 recipes
INFO: Restoring 1 recipes
INFO: Restoring 1 recipes
INFO: Restoring 1 recipes
INFO: Restoring 1 recipes
INFO: Removing recipe for Fuel
INFO: Removing recipe for Fuel
INFO: Removing recipe for Fuel
INFO: Removing recipe for Fuel
INFO: Restoring 1 recipes
INFO: Removing recipe for Сингулярность
INFO: tried to remove command: mfr failed. THIS IS NOT AN ERROR!
INFO: 
INFO: Hello world!
INFO: Adding recipe for Сингулярность
INFO: Removing 1 recipes
INFO: Adding recipe for Fuel
INFO: Adding recipe for Fuel
INFO: Adding recipe for Fuel
INFO: Adding recipe for Fuel
INFO: Removing 1 recipes
INFO: Removing 1 recipes
INFO: Removing 1 recipes
INFO: Removing 1 recipes
INFO: Removing 1 recipes
INFO: Removing 1 recipes
INFO: Removing 1 recipes
INFO: Removing 1 recipes
INFO: Removing 1 recipes
INFO: Removing 1 recipes
INFO: Removing 1 recipes
INFO: Adding recipe for Лента 30мм взрывных боеприпасов.name
INFO: Adding recipe for Лента 30мм бронебойных боеприпасов.name
INFO: Adding recipe for ПТУР.name
INFO: Adding recipe for 120ММ HEAT.name
INFO: Adding recipe for FGM-148 Javelin Ammo
INFO: Adding recipe for FGM-148 Javelin
INFO: Removing recipe for FGM-148 Javelin
INFO: Removing recipe for FGM-148 Javelin Ammo
INFO: Removing recipe for 120ММ HEAT.name
INFO: Removing recipe for ПТУР.name
INFO: Removing recipe for Лента 30мм бронебойных боеприпасов.name
INFO: Removing recipe for Лента 30мм взрывных боеприпасов.name
INFO: Restoring 1 recipes
INFO: Restoring 1 recipes
INFO: Restoring 1 recipes
INFO: Restoring 1 recipes
INFO: Restoring 1 recipes
INFO: Restoring 1 recipes
INFO: Restoring 1 recipes
INFO: Restoring 1 recipes
INFO: Restoring 1 recipes
INFO: Restoring 1 recipes
INFO: Restoring 1 recipes
INFO: Removing recipe for Fuel
INFO: Removing recipe for Fuel
INFO: Removing recipe for Fuel
INFO: Removing recipe for Fuel
INFO: Restoring 1 recipes
INFO: Removing recipe for Сингулярность
INFO: tried to remove command: mfr failed. THIS IS NOT AN ERROR!
INFO: 
INFO: Hello world!
INFO: Adding recipe for Сингулярность
INFO: Removing 1 recipes
INFO: Adding recipe for Fuel
INFO: Adding recipe for Fuel
INFO: Adding recipe for Fuel
INFO: Adding recipe for Fuel
INFO: Removing 1 recipes
INFO: Removing 1 recipes
INFO: Removing 1 recipes
INFO: Removing 1 recipes
INFO: Removing 1 recipes
INFO: Removing 1 recipes
INFO: Removing 1 recipes
INFO: Removing 1 recipes
INFO: Removing 1 recipes
INFO: Removing 1 recipes
INFO: Removing 1 recipes
INFO: Adding recipe for Лента 30мм взрывных боеприпасов.name
INFO: Adding recipe for Лента 30мм бронебойных боеприпасов.name
INFO: Adding recipe for ПТУР.name
INFO: Adding recipe for 120ММ HEAT.name
INFO: Adding recipe for FGM-148 Javelin Ammo
INFO: Adding recipe for FGM-148 Javelin
INFO: Removing recipe for FGM-148 Javelin
INFO: Removing recipe for FGM-148 Javelin Ammo
INFO: Removing recipe for 120ММ HEAT.name
INFO: Removing recipe for ПТУР.name
INFO: Removing recipe for Лента 30мм бронебойных боеприпасов.name
INFO: Removing recipe for Лента 30мм взрывных боеприпасов.name
INFO: Restoring 1 recipes
INFO: Restoring 1 recipes
INFO: Restoring 1 recipes
INFO: Restoring 1 recipes
INFO: Restoring 1 recipes
INFO: Restoring 1 recipes
INFO: Restoring 1 recipes
INFO: Restoring 1 recipes
INFO: Restoring 1 recipes
INFO: Restoring 1 recipes
INFO: Restoring 1 recipes
INFO: Removing recipe for Fuel
INFO: Removing recipe for Fuel
INFO: Removing recipe for Fuel
INFO: Removing recipe for Fuel
INFO: Restoring 1 recipes
INFO: Removing recipe for Сингулярность
INFO: tried to remove command: mfr failed. THIS IS NOT AN ERROR!
INFO: 
INFO: Hello world!
INFO: Adding recipe for Сингулярность
INFO: Removing 1 recipes
INFO: Adding recipe for Fuel
INFO: Adding recipe for Fuel
INFO: Adding recipe for Fuel
INFO: Adding recipe for Fuel
INFO: Removing 1 recipes
INFO: Removing 1 recipes
INFO: Removing 1 recipes
INFO: Removing 1 recipes
INFO: Removing 1 recipes
INFO: Removing 1 recipes
INFO: Removing 1 recipes
INFO: Removing 1 recipes
INFO: Removing 1 recipes
INFO: Removing 1 recipes
INFO: Removing 1 recipes
INFO: Adding recipe for Лента 30мм взрывных боеприпасов.name
INFO: Adding recipe for Лента 30мм бронебойных боеприпасов.name
INFO: Adding recipe for ПТУР.name
INFO: Adding recipe for 120ММ HEAT.name
INFO: Adding recipe for FGM-148 Javelin Ammo
INFO: Adding recipe for FGM-148 Javelin
INFO: Removing recipe for FGM-148 Javelin
INFO: Removing recipe for FGM-148 Javelin Ammo
INFO: Removing recipe for 120ММ HEAT.name
INFO: Removing recipe for ПТУР.name
INFO: Removing recipe for Лента 30мм бронебойных боеприпасов.name
INFO: Removing recipe for Лента 30мм взрывных боеприпасов.name
INFO: Restoring 1 recipes
INFO: Restoring 1 recipes
INFO: Restoring 1 recipes
INFO: Restoring 1 recipes
INFO: Restoring 1 recipes
INFO: Restoring 1 recipes
INFO: Restoring 1 recipes
INFO: Restoring 1 recipes
INFO: Restoring 1 recipes
INFO: Restoring 1 recipes
INFO: Restoring 1 recipes
INFO: Removing recipe for Fuel
INFO: Removing recipe for Fuel
INFO: Removing recipe for Fuel
INFO: Removing recipe for Fuel
INFO: Restoring 1 recipes
INFO: Removing recipe for Сингулярность
INFO: tried to remove command: mfr failed. THIS IS NOT AN ERROR!
INFO: 
INFO: Hello world!
INFO: Adding recipe for Сингулярность
INFO: Removing 1 recipes
INFO: Adding recipe for Fuel
INFO: Adding recipe for Fuel
INFO: Adding recipe for Fuel
INFO: Adding recipe for Fuel
INFO: Removing 1 recipes
INFO: Removing 1 recipes
INFO: Removing 1 recipes
INFO: Removing 1 recipes
INFO: Removing 1 recipes
INFO: Removing 1 recipes
INFO: Removing 1 recipes
INFO: Removing 1 recipes
INFO: Removing 1 recipes
INFO: Removing 1 recipes
INFO: Removing 1 recipes
INFO: Adding recipe for Лента 30мм взрывных боеприпасов.name
INFO: Adding recipe for Лента 30мм бронебойных боеприпасов.name
INFO: Adding recipe for ПТУР.name
INFO: Adding recipe for 120ММ HEAT.name
INFO: Adding recipe for FGM-148 Javelin Ammo
INFO: Adding recipe for FGM-148 Javelin
INFO: Removing recipe for FGM-148 Javelin
INFO: Removing recipe for FGM-148 Javelin Ammo
INFO: Removing recipe for 120ММ HEAT.name
INFO: Removing recipe for ПТУР.name
INFO: Removing recipe for Лента 30мм бронебойных боеприпасов.name
INFO: Removing recipe for Лента 30мм взрывных боеприпасов.name
INFO: Restoring 1 recipes
INFO: Restoring 1 recipes
INFO: Restoring 1 recipes
INFO: Restoring 1 recipes
INFO: Restoring 1 recipes
INFO: Restoring 1 recipes
INFO: Restoring 1 recipes
INFO: Restoring 1 recipes
INFO: Restoring 1 recipes
INFO: Restoring 1 recipes
INFO: Restoring 1 recipes
INFO: Removing recipe for Fuel
INFO: Removing recipe for Fuel
INFO: Removing recipe for Fuel
INFO: Removing recipe for Fuel
INFO: Restoring 1 recipes
INFO: Removing recipe for Сингулярность
INFO: tried to remove command: mfr failed. THIS IS NOT AN ERROR!
INFO: 
INFO: Hello world!
INFO: Adding recipe for Сингулярность
INFO: Removing 1 recipes
INFO: Adding recipe for Fuel
INFO: Adding recipe for Fuel
INFO: Adding recipe for Fuel
INFO: Adding recipe for Fuel
INFO: Removing 1 recipes
INFO: Removing 1 recipes
INFO: Removing 1 recipes
INFO: Removing 1 recipes
INFO: Removing 1 recipes
INFO: Removing 1 recipes
INFO: Removing 1 recipes
INFO: Removing 1 recipes
INFO: Removing 1 recipes
INFO: Removing 1 recipes
INFO: Removing 1 recipes
INFO: Adding recipe for Лента 30мм взрывных боеприпасов.name
INFO: Adding recipe for Лента 30мм бронебойных боеприпасов.name
INFO: Adding recipe for ПТУР.name
INFO: Adding recipe for 120ММ HEAT.name
INFO: Adding recipe for FGM-148 Javelin Ammo
INFO: Adding recipe for FGM-148 Javelin
INFO: Removing recipe for FGM-148 Javelin
INFO: Removing recipe for FGM-148 Javelin Ammo
INFO: Removing recipe for 120ММ HEAT.name
INFO: Removing recipe for ПТУР.name
INFO: Removing recipe for Лента 30мм бронебойных боеприпасов.name
INFO: Removing recipe for Лента 30мм взрывных боеприпасов.name
INFO: Restoring 1 recipes
INFO: Restoring 1 recipes
INFO: Restoring 1 recipes
INFO: Restoring 1 recipes
INFO: Restoring 1 recipes
INFO: Restoring 1 recipes
INFO: Restoring 1 recipes
INFO: Restoring 1 recipes
INFO: Restoring 1 recipes
INFO: Restoring 1 recipes
INFO: Restoring 1 recipes
INFO: Removing recipe for Fuel
INFO: Removing recipe for Fuel
INFO: Removing recipe for Fuel
INFO: Removing recipe for Fuel
INFO: Restoring 1 recipes
INFO: Removing recipe for Сингулярность
INFO: tried to remove command: mfr failed. THIS IS NOT AN ERROR!
INFO: Adding command minetweaker
INFO: Adding minetweaker command tooltips
INFO: 
INFO: Adding minetweaker command appeng
INFO: Adding minetweaker command chiselGroups
INFO: Adding minetweaker command chiselVariations
INFO: 
INFO: Hello world!
INFO: Adding recipe for Сингулярность
INFO: Removing 1 recipes
INFO: Adding recipe for Fuel
INFO: Adding recipe for Fuel
INFO: Adding recipe for Fuel
INFO: Adding recipe for Fuel
INFO: Removing 1 recipes
INFO: Removing 1 recipes
INFO: Removing 1 recipes
INFO: Removing 1 recipes
INFO: Removing 1 recipes
INFO: Removing 1 recipes
INFO: Removing 1 recipes
INFO: Removing 1 recipes
INFO: Removing 1 recipes
INFO: Removing 1 recipes
INFO: Removing 1 recipes
INFO: Adding recipe for Лента 30мм взрывных боеприпасов.name
INFO: Adding recipe for Лента 30мм бронебойных боеприпасов.name
INFO: Adding recipe for ПТУР.name
INFO: Adding recipe for 120ММ HEAT.name
INFO: Adding recipe for FGM-148 Javelin Ammo
INFO: Adding recipe for FGM-148 Javelin
INFO: 
INFO: 
INFO: 
INFO: 
INFO: 
INFO: tried to remove command: chiselVariations failed. THIS IS NOT AN ERROR!
INFO: tried to remove command: chiselGroups failed. THIS IS NOT AN ERROR!
INFO: tried to remove command: appeng failed. THIS IS NOT AN ERROR!
INFO: tried to remove command: entities failed. THIS IS NOT AN ERROR!
INFO: tried to remove command: tooltips failed. THIS IS NOT AN ERROR!
INFO: Removing recipe for FGM-148 Javelin
INFO: Removing recipe for FGM-148 Javelin Ammo
INFO: Removing recipe for 120ММ HEAT.name
INFO: Removing recipe for ПТУР.name
INFO: Removing recipe for Лента 30мм бронебойных боеприпасов.name
INFO: Removing recipe for Лента 30мм взрывных боеприпасов.name
INFO: Restoring 1 recipes
INFO: Restoring 1 recipes
INFO: Restoring 1 recipes
INFO: Restoring 1 recipes
INFO: Restoring 1 recipes
INFO: Restoring 1 recipes
INFO: Restoring 1 recipes
INFO: Restoring 1 recipes
INFO: Restoring 1 recipes
INFO: Restoring 1 recipes
INFO: Restoring 1 recipes
INFO: Removing recipe for Fuel
INFO: Removing recipe for Fuel
INFO: Removing recipe for Fuel
INFO: Removing recipe for Fuel
INFO: Restoring 1 recipes
INFO: Removing recipe for Сингулярность
INFO: tried to remove command: mfr failed. THIS IS NOT AN ERROR!
INFO: tried to remove command: chiselVariations failed. THIS IS NOT AN ERROR!
INFO: tried to remove command: chiselGroups failed. THIS IS NOT AN ERROR!
INFO: tried to remove command: appeng failed. THIS IS NOT AN ERROR!
INFO: tried to remove command: entities failed. THIS IS NOT AN ERROR!
INFO: tried to remove command: tooltips failed. THIS IS NOT AN ERROR!
INFO: tried to remove command: minetweaker failed. THIS IS NOT AN ERROR!
INFO: 
INFO: Hello world!
INFO: Adding recipe for Сингулярность
INFO: Removing 1 recipes
INFO: Adding recipe for Fuel
INFO: Adding recipe for Fuel
INFO: Adding recipe for Fuel
INFO: Adding recipe for Fuel
INFO: Removing 1 recipes
INFO: Removing 1 recipes
INFO: Removing 1 recipes
INFO: Removing 1 recipes
INFO: Removing 1 recipes
INFO: Removing 1 recipes
INFO: Removing 1 recipes
INFO: Removing 1 recipes
INFO: Removing 1 recipes
INFO: Removing 1 recipes
INFO: Removing 1 recipes
INFO: Adding recipe for Лента 30мм взрывных боеприпасов.name
INFO: Adding recipe for Лента 30мм бронебойных боеприпасов.name
INFO: Adding recipe for ПТУР.name
INFO: Adding recipe for 120ММ HEAT.name
INFO: Adding recipe for FGM-148 Javelin Ammo
INFO: Adding recipe for FGM-148 Javelin
INFO: Removing recipe for FGM-148 Javelin
INFO: Removing recipe for FGM-148 Javelin Ammo
INFO: Removing recipe for 120ММ HEAT.name
INFO: Removing recipe for ПТУР.name
INFO: Removing recipe for Лента 30мм бронебойных боеприпасов.name
INFO: Removing recipe for Лента 30мм взрывных боеприпасов.name
INFO: Restoring 1 recipes
INFO: Restoring 1 recipes
INFO: Restoring 1 recipes
INFO: Restoring 1 recipes
INFO: Restoring 1 recipes
INFO: Restoring 1 recipes
INFO: Restoring 1 recipes
INFO: Restoring 1 recipes
INFO: Restoring 1 recipes
INFO: Restoring 1 recipes
INFO: Restoring 1 recipes
INFO: Removing recipe for Fuel
INFO: Removing recipe for Fuel
INFO: Removing recipe for Fuel
INFO: Removing recipe for Fuel
INFO: Restoring 1 recipes
INFO: Removing recipe for Сингулярность
INFO: tried to remove command: mfr failed. THIS IS NOT AN ERROR!
INFO: 
INFO: Hello world!
INFO: Adding recipe for Сингулярность
INFO: Removing 1 recipes
INFO: Adding recipe for Fuel
INFO: Adding recipe for Fuel
INFO: Adding recipe for Fuel
INFO: Adding recipe for Fuel
INFO: Removing 1 recipes
INFO: Removing 1 recipes
INFO: Removing 1 recipes
INFO: Removing 1 recipes
INFO: Removing 1 recipes
INFO: Removing 1 recipes
INFO: Removing 1 recipes
INFO: Removing 1 recipes
INFO: Removing 1 recipes
INFO: Removing 1 recipes
INFO: Removing 1 recipes
INFO: Adding recipe for Лента 30мм взрывных боеприпасов.name
INFO: Adding recipe for Лента 30мм бронебойных боеприпасов.name
INFO: Adding recipe for ПТУР.name
INFO: Adding recipe for 120ММ HEAT.name
INFO: Adding recipe for FGM-148 Javelin Ammo
INFO: Adding recipe for FGM-148 Javelin
INFO: Removing recipe for FGM-148 Javelin
INFO: Removing recipe for FGM-148 Javelin Ammo
INFO: Removing recipe for 120ММ HEAT.name
INFO: Removing recipe for ПТУР.name
INFO: Removing recipe for Лента 30мм бронебойных боеприпасов.name
INFO: Removing recipe for Лента 30мм взрывных боеприпасов.name
INFO: Restoring 1 recipes
INFO: Restoring 1 recipes
INFO: Restoring 1 recipes
INFO: Restoring 1 recipes
INFO: Restoring 1 recipes
INFO: Restoring 1 recipes
INFO: Restoring 1 recipes
INFO: Restoring 1 recipes
INFO: Restoring 1 recipes
INFO: Restoring 1 recipes
INFO: Restoring 1 recipes
INFO: Removing recipe for Fuel
INFO: Removing recipe for Fuel
INFO: Removing recipe for Fuel
INFO: Removing recipe for Fuel
INFO: Restoring 1 recipes
INFO: Removing recipe for Сингулярность
INFO: tried to remove command: mfr failed. THIS IS NOT AN ERROR!
INFO: 
INFO: Hello world!
INFO: Adding recipe for Сингулярность
INFO: Removing 1 recipes
INFO: Adding recipe for Fuel
INFO: Adding recipe for Fuel
INFO: Adding recipe for Fuel
INFO: Adding recipe for Fuel
INFO: Removing 1 recipes
INFO: Removing 1 recipes
INFO: Removing 1 recipes
INFO: Removing 1 recipes
INFO: Removing 1 recipes
INFO: Removing 1 recipes
INFO: Removing 1 recipes
INFO: Removing 1 recipes
INFO: Removing 1 recipes
INFO: Removing 1 recipes
INFO: Removing 1 recipes
INFO: Adding recipe for Лента 30мм взрывных боеприпасов.name
INFO: Adding recipe for Лента 30мм бронебойных боеприпасов.name
INFO: Adding recipe for ПТУР.name
INFO: Adding recipe for 120ММ HEAT.name
INFO: Adding recipe for FGM-148 Javelin Ammo
INFO: Adding recipe for FGM-148 Javelin
INFO: Removing recipe for FGM-148 Javelin
INFO: Removing recipe for FGM-148 Javelin Ammo
INFO: Removing recipe for 120ММ HEAT.name
INFO: Removing recipe for ПТУР.name
INFO: Removing recipe for Лента 30мм бронебойных боеприпасов.name
INFO: Removing recipe for Лента 30мм взрывных боеприпасов.name
INFO: Restoring 1 recipes
INFO: Restoring 1 recipes
INFO: Restoring 1 recipes
INFO: Restoring 1 recipes
INFO: Restoring 1 recipes
INFO: Restoring 1 recipes
INFO: Restoring 1 recipes
INFO: Restoring 1 recipes
INFO: Restoring 1 recipes
INFO: Restoring 1 recipes
INFO: Restoring 1 recipes
INFO: Removing recipe for Fuel
INFO: Removing recipe for Fuel
INFO: Removing recipe for Fuel
INFO: Removing recipe for Fuel
INFO: Restoring 1 recipes
INFO: Removing recipe for Сингулярность
INFO: tried to remove command: mfr failed. THIS IS NOT AN ERROR!
INFO: 
INFO: Hello world!
INFO: Adding recipe for Сингулярность
INFO: Removing 1 recipes
INFO: Adding recipe for Fuel
INFO: Adding recipe for Fuel
INFO: Adding recipe for Fuel
INFO: Adding recipe for Fuel
INFO: Removing 1 recipes
INFO: Removing 1 recipes
INFO: Removing 1 recipes
INFO: Removing 1 recipes
INFO: Removing 1 recipes
INFO: Removing 1 recipes
INFO: Removing 1 recipes
INFO: Removing 1 recipes
INFO: Removing 1 recipes
INFO: Removing 1 recipes
INFO: Removing 1 recipes
INFO: Adding recipe for Лента 30мм взрывных боеприпасов.name
INFO: Adding recipe for Лента 30мм бронебойных боеприпасов.name
INFO: Adding recipe for ПТУР.name
INFO: Adding recipe for 120ММ HEAT.name
INFO: Adding recipe for FGM-148 Javelin Ammo
INFO: Adding recipe for FGM-148 Javelin
INFO: Removing recipe for FGM-148 Javelin
INFO: Removing recipe for FGM-148 Javelin Ammo
INFO: Removing recipe for 120ММ HEAT.name
INFO: Removing recipe for ПТУР.name
INFO: Removing recipe for Лента 30мм бронебойных боеприпасов.name
INFO: Removing recipe for Лента 30мм взрывных боеприпасов.name
INFO: Restoring 1 recipes
INFO: Restoring 1 recipes
INFO: Restoring 1 recipes
INFO: Restoring 1 recipes
INFO: Restoring 1 recipes
INFO: Restoring 1 recipes
INFO: Restoring 1 recipes
INFO: Restoring 1 recipes
INFO: Restoring 1 recipes
INFO: Restoring 1 recipes
INFO: Restoring 1 recipes
INFO: Removing recipe for Fuel
INFO: Removing recipe for Fuel
INFO: Removing recipe for Fuel
INFO: Removing recipe for Fuel
INFO: Restoring 1 recipes
INFO: Removing recipe for Сингулярность
INFO: tried to remove command: mfr failed. THIS IS NOT AN ERROR!
INFO: 
INFO: Hello world!
INFO: Adding recipe for Сингулярность
INFO: Removing 1 recipes
INFO: Adding recipe for Fuel
INFO: Adding recipe for Fuel
INFO: Adding recipe for Fuel
INFO: Adding recipe for Fuel
INFO: Removing 1 recipes
INFO: Removing 1 recipes
INFO: Removing 1 recipes
INFO: Removing 1 recipes
INFO: Removing 1 recipes
INFO: Removing 1 recipes
INFO: Removing 1 recipes
INFO: Removing 1 recipes
INFO: Removing 1 recipes
INFO: Removing 1 recipes
INFO: Removing 1 recipes
INFO: Adding recipe for Лента 30мм взрывных боеприпасов.name
INFO: Adding recipe for Лента 30мм бронебойных боеприпасов.name
INFO: Adding recipe for ПТУР.name
INFO: Adding recipe for 120ММ HEAT.name
INFO: Adding recipe for FGM-148 Javelin Ammo
INFO: Adding recipe for FGM-148 Javelin
INFO: Removing recipe for FGM-148 Javelin
INFO: Removing recipe for FGM-148 Javelin Ammo
INFO: Removing recipe for 120ММ HEAT.name
INFO: Removing recipe for ПТУР.name
INFO: Removing recipe for Лента 30мм бронебойных боеприпасов.name
INFO: Removing recipe for Лента 30мм взрывных боеприпасов.name
INFO: Restoring 1 recipes
INFO: Restoring 1 recipes
INFO: Restoring 1 recipes
INFO: Restoring 1 recipes
INFO: Restoring 1 recipes
INFO: Restoring 1 recipes
INFO: Restoring 1 recipes
INFO: Restoring 1 recipes
INFO: Restoring 1 recipes
INFO: Restoring 1 recipes
INFO: Restoring 1 recipes
INFO: Removing recipe for Fuel
INFO: Removing recipe for Fuel
INFO: Removing recipe for Fuel
INFO: Removing recipe for Fuel
INFO: Restoring 1 recipes
INFO: Removing recipe for Сингулярность
INFO: tried to remove command: mfr failed. THIS IS NOT AN ERROR!
INFO: 
INFO: Hello world!
INFO: Adding recipe for Сингулярность
INFO: Removing 1 recipes
INFO: Adding recipe for Fuel
INFO: Adding recipe for Fuel
INFO: Adding recipe for Fuel
INFO: Adding recipe for Fuel
INFO: Removing 1 recipes
INFO: Removing 1 recipes
INFO: Removing 1 recipes
INFO: Removing 1 recipes
INFO: Removing 1 recipes
INFO: Removing 1 recipes
INFO: Removing 1 recipes
INFO: Removing 1 recipes
INFO: Removing 1 recipes
INFO: Removing 1 recipes
INFO: Removing 1 recipes
INFO: Adding recipe for Лента 30мм взрывных боеприпасов.name
INFO: Adding recipe for Лента 30мм бронебойных боеприпасов.name
INFO: Adding recipe for ПТУР.name
INFO: Adding recipe for 120ММ HEAT.name
INFO: Adding recipe for FGM-148 Javelin Ammo
INFO: Adding recipe for FGM-148 Javelin
INFO: Removing recipe for FGM-148 Javelin
INFO: Removing recipe for FGM-148 Javelin Ammo
INFO: Removing recipe for 120ММ HEAT.name
INFO: Removing recipe for ПТУР.name
INFO: Removing recipe for Лента 30мм бронебойных боеприпасов.name
INFO: Removing recipe for Лента 30мм взрывных боеприпасов.name
INFO: Restoring 1 recipes
INFO: Restoring 1 recipes
INFO: Restoring 1 recipes
INFO: Restoring 1 recipes
INFO: Restoring 1 recipes
INFO: Restoring 1 recipes
INFO: Restoring 1 recipes
INFO: Restoring 1 recipes
INFO: Restoring 1 recipes
INFO: Restoring 1 recipes
INFO: Restoring 1 recipes
INFO: Removing recipe for Fuel
INFO: Removing recipe for Fuel
INFO: Removing recipe for Fuel
INFO: Removing recipe for Fuel
INFO: Restoring 1 recipes
INFO: Removing recipe for Сингулярность
INFO: tried to remove command: mfr failed. THIS IS NOT AN ERROR!
INFO: 
INFO: Hello world!
INFO: Adding recipe for Сингулярность
INFO: Removing 1 recipes
INFO: Adding recipe for Fuel
INFO: Adding recipe for Fuel
INFO: Adding recipe for Fuel
INFO: Adding recipe for Fuel
INFO: Removing 1 recipes
INFO: Removing 1 recipes
INFO: Removing 1 recipes
INFO: Removing 1 recipes
INFO: Removing 1 recipes
INFO: Removing 1 recipes
INFO: Removing 1 recipes
INFO: Removing 1 recipes
INFO: Removing 1 recipes
INFO: Removing 1 recipes
INFO: Removing 1 recipes
INFO: Adding recipe for Лента 30мм взрывных боеприпасов.name
INFO: Adding recipe for Лента 30мм бронебойных боеприпасов.name
INFO: Adding recipe for ПТУР.name
INFO: Adding recipe for 120ММ HEAT.name
INFO: Adding recipe for FGM-148 Javelin Ammo
INFO: Adding recipe for FGM-148 Javelin
INFO: Removing recipe for FGM-148 Javelin
INFO: Removing recipe for FGM-148 Javelin Ammo
INFO: Removing recipe for 120ММ HEAT.name
INFO: Removing recipe for ПТУР.name
INFO: Removing recipe for Лента 30мм бронебойных боеприпасов.name
INFO: Removing recipe for Лента 30мм взрывных боеприпасов.name
INFO: Restoring 1 recipes
INFO: Restoring 1 recipes
INFO: Restoring 1 recipes
INFO: Restoring 1 recipes
INFO: Restoring 1 recipes
INFO: Restoring 1 recipes
INFO: Restoring 1 recipes
INFO: Restoring 1 recipes
INFO: Restoring 1 recipes
INFO: Restoring 1 recipes
INFO: Restoring 1 recipes
INFO: Removing recipe for Fuel
INFO: Removing recipe for Fuel
INFO: Removing recipe for Fuel
INFO: Removing recipe for Fuel
INFO: Restoring 1 recipes
INFO: Removing recipe for Сингулярность
INFO: tried to remove command: mfr failed. THIS IS NOT AN ERROR!
INFO: 
INFO: Hello world!
INFO: Adding recipe for Сингулярность
INFO: Removing 1 recipes
INFO: Adding recipe for Fuel
INFO: Adding recipe for Fuel
INFO: Adding recipe for Fuel
INFO: Adding recipe for Fuel
INFO: Removing 1 recipes
INFO: Removing 1 recipes
INFO: Removing 1 recipes
INFO: Removing 1 recipes
INFO: Removing 1 recipes
INFO: Removing 1 recipes
INFO: Removing 1 recipes
INFO: Removing 1 recipes
INFO: Removing 1 recipes
INFO: Removing 1 recipes
INFO: Removing 1 recipes
INFO: Adding recipe for Лента 30мм взрывных боеприпасов.name
INFO: Adding recipe for Лента 30мм бронебойных боеприпасов.name
INFO: Adding recipe for ПТУР.name
INFO: Adding recipe for 120ММ HEAT.name
INFO: Adding recipe for FGM-148 Javelin Ammo
INFO: Adding recipe for FGM-148 Javelin
INFO: Removing recipe for FGM-148 Javelin
INFO: Removing recipe for FGM-148 Javelin Ammo
INFO: Removing recipe for 120ММ HEAT.name
INFO: Removing recipe for ПТУР.name
INFO: Removing recipe for Лента 30мм бронебойных боеприпасов.name
INFO: Removing recipe for Лента 30мм взрывных боеприпасов.name
INFO: Restoring 1 recipes
INFO: Restoring 1 recipes
INFO: Restoring 1 recipes
INFO: Restoring 1 recipes
INFO: Restoring 1 recipes
INFO: Restoring 1 recipes
INFO: Restoring 1 recipes
INFO: Restoring 1 recipes
INFO: Restoring 1 recipes
INFO: Restoring 1 recipes
INFO: Restoring 1 recipes
INFO: Removing recipe for Fuel
INFO: Removing recipe for Fuel
INFO: Removing recipe for Fuel
INFO: Removing recipe for Fuel
INFO: Restoring 1 recipes
INFO: Removing recipe for Сингулярность
INFO: tried to remove command: mfr failed. THIS IS NOT AN ERROR!
INFO: 
INFO: Hello world!
INFO: Adding recipe for Сингулярность
INFO: Removing 1 recipes
INFO: Adding recipe for Fuel
INFO: Adding recipe for Fuel
INFO: Adding recipe for Fuel
INFO: Adding recipe for Fuel
INFO: Removing 1 recipes
INFO: Removing 1 recipes
INFO: Removing 1 recipes
INFO: Removing 1 recipes
INFO: Removing 1 recipes
INFO: Removing 1 recipes
INFO: Removing 1 recipes
INFO: Removing 1 recipes
INFO: Removing 1 recipes
INFO: Removing 1 recipes
INFO: Removing 1 recipes
INFO: Adding recipe for Лента 30мм взрывных боеприпасов.name
INFO: Adding recipe for Лента 30мм бронебойных боеприпасов.name
INFO: Adding recipe for ПТУР.name
INFO: Adding recipe for 120ММ HEAT.name
INFO: Adding recipe for FGM-148 Javelin Ammo
INFO: Adding recipe for FGM-148 Javelin
INFO: Removing recipe for FGM-148 Javelin
INFO: Removing recipe for FGM-148 Javelin Ammo
INFO: Removing recipe for 120ММ HEAT.name
INFO: Removing recipe for ПТУР.name
INFO: Removing recipe for Лента 30мм бронебойных боеприпасов.name
INFO: Removing recipe for Лента 30мм взрывных боеприпасов.name
INFO: Restoring 1 recipes
INFO: Restoring 1 recipes
INFO: Restoring 1 recipes
INFO: Restoring 1 recipes
INFO: Restoring 1 recipes
INFO: Restoring 1 recipes
INFO: Restoring 1 recipes
INFO: Restoring 1 recipes
INFO: Restoring 1 recipes
INFO: Restoring 1 recipes
INFO: Restoring 1 recipes
INFO: Removing recipe for Fuel
INFO: Removing recipe for Fuel
INFO: Removing recipe for Fuel
INFO: Removing recipe for Fuel
INFO: Restoring 1 recipes
INFO: Removing recipe for Сингулярность
INFO: tried to remove command: mfr failed. THIS IS NOT AN ERROR!
INFO: 
INFO: Hello world!
INFO: Adding recipe for Сингулярность
INFO: Removing 1 recipes
INFO: Adding recipe for Fuel
INFO: Adding recipe for Fuel
INFO: Adding recipe for Fuel
INFO: Adding recipe for Fuel
INFO: Removing 1 recipes
INFO: Removing 1 recipes
INFO: Removing 1 recipes
INFO: Removing 1 recipes
INFO: Removing 1 recipes
INFO: Removing 1 recipes
INFO: Removing 1 recipes
INFO: Removing 1 recipes
INFO: Removing 1 recipes
INFO: Removing 1 recipes
INFO: Removing 1 recipes
INFO: Adding recipe for Лента 30мм взрывных боеприпасов.name
INFO: Adding recipe for Лента 30мм бронебойных боеприпасов.name
INFO: Adding recipe for ПТУР.name
INFO: Adding recipe for 120ММ HEAT.name
INFO: Adding recipe for FGM-148 Javelin Ammo
INFO: Adding recipe for FGM-148 Javelin
INFO: Removing recipe for FGM-148 Javelin
INFO: Removing recipe for FGM-148 Javelin Ammo
INFO: Removing recipe for 120ММ HEAT.name
INFO: Removing recipe for ПТУР.name
INFO: Removing recipe for Лента 30мм бронебойных боеприпасов.name
INFO: Removing recipe for Лента 30мм взрывных боеприпасов.name
INFO: Restoring 1 recipes
INFO: Restoring 1 recipes
INFO: Restoring 1 recipes
INFO: Restoring 1 recipes
INFO: Restoring 1 recipes
INFO: Restoring 1 recipes
INFO: Restoring 1 recipes
INFO: Restoring 1 recipes
INFO: Restoring 1 recipes
INFO: Restoring 1 recipes
INFO: Restoring 1 recipes
INFO: Removing recipe for Fuel
INFO: Removing recipe for Fuel
INFO: Removing recipe for Fuel
INFO: Removing recipe for Fuel
INFO: Restoring 1 recipes
INFO: Removing recipe for Сингулярность
INFO: tried to remove command: mfr failed. THIS IS NOT AN ERROR!
INFO: 
INFO: Hello world!
INFO: Adding recipe for Сингулярность
INFO: Removing 1 recipes
INFO: Adding recipe for Fuel
INFO: Adding recipe for Fuel
INFO: Adding recipe for Fuel
INFO: Adding recipe for Fuel
INFO: Removing 1 recipes
INFO: Removing 1 recipes
INFO: Removing 1 recipes
INFO: Removing 1 recipes
INFO: Removing 1 recipes
INFO: Removing 1 recipes
INFO: Removing 1 recipes
INFO: Removing 1 recipes
INFO: Removing 1 recipes
INFO: Removing 1 recipes
INFO: Removing 1 recipes
INFO: Adding recipe for Лента 30мм взрывных боеприпасов.name
INFO: Adding recipe for Лента 30мм бронебойных боеприпасов.name
INFO: Adding recipe for ПТУР.name
INFO: Adding recipe for 120ММ HEAT.name
INFO: Adding recipe for FGM-148 Javelin Ammo
INFO: Adding recipe for FGM-148 Javelin
INFO: Removing recipe for FGM-148 Javelin
INFO: Removing recipe for FGM-148 Javelin Ammo
INFO: Removing recipe for 120ММ HEAT.name
INFO: Removing recipe for ПТУР.name
INFO: Removing recipe for Лента 30мм бронебойных боеприпасов.name
INFO: Removing recipe for Лента 30мм взрывных боеприпасов.name
INFO: Restoring 1 recipes
INFO: Restoring 1 recipes
INFO: Restoring 1 recipes
INFO: Restoring 1 recipes
INFO: Restoring 1 recipes
INFO: Restoring 1 recipes
INFO: Restoring 1 recipes
INFO: Restoring 1 recipes
INFO: Restoring 1 recipes
INFO: Restoring 1 recipes
INFO: Restoring 1 recipes
INFO: Removing recipe for Fuel
INFO: Removing recipe for Fuel
INFO: Removing recipe for Fuel
INFO: Removing recipe for Fuel
INFO: Restoring 1 recipes
INFO: Removing recipe for Сингулярность
INFO: tried to remove command: mfr failed. THIS IS NOT AN ERROR!
INFO: 
INFO: Hello world!
INFO: Adding recipe for Сингулярность
INFO: Removing 1 recipes
INFO: Adding recipe for Fuel
INFO: Adding recipe for Fuel
INFO: Adding recipe for Fuel
INFO: Adding recipe for Fuel
INFO: Removing 1 recipes
INFO: Removing 1 recipes
INFO: Removing 1 recipes
INFO: Removing 1 recipes
INFO: Removing 1 recipes
INFO: Removing 1 recipes
INFO: Removing 1 recipes
INFO: Removing 1 recipes
INFO: Removing 1 recipes
INFO: Removing 1 recipes
INFO: Removing 1 recipes
INFO: Adding recipe for Лента 30мм взрывных боеприпасов.name
INFO: Adding recipe for Лента 30мм бронебойных боеприпасов.name
INFO: Adding recipe for ПТУР.name
INFO: Adding recipe for 120ММ HEAT.name
INFO: Adding recipe for FGM-148 Javelin Ammo
INFO: Adding recipe for FGM-148 Javelin
INFO: Removing recipe for FGM-148 Javelin
INFO: Removing recipe for FGM-148 Javelin Ammo
INFO: Removing recipe for 120ММ HEAT.name
INFO: Removing recipe for ПТУР.name
INFO: Removing recipe for Лента 30мм бронебойных боеприпасов.name
INFO: Removing recipe for Лента 30мм взрывных боеприпасов.name
INFO: Restoring 1 recipes
INFO: Restoring 1 recipes
INFO: Restoring 1 recipes
INFO: Restoring 1 recipes
INFO: Restoring 1 recipes
INFO: Restoring 1 recipes
INFO: Restoring 1 recipes
INFO: Restoring 1 recipes
INFO: Restoring 1 recipes
INFO: Restoring 1 recipes
INFO: Restoring 1 recipes
INFO: Removing recipe for Fuel
INFO: Removing recipe for Fuel
INFO: Removing recipe for Fuel
INFO: Removing recipe for Fuel
INFO: Restoring 1 recipes
INFO: Removing recipe for Сингулярность
INFO: tried to remove command: mfr failed. THIS IS NOT AN ERROR!
INFO: 
INFO: Hello world!
INFO: Adding recipe for Сингулярность
INFO: Removing 1 recipes
INFO: Adding recipe for Fuel
INFO: Adding recipe for Fuel
INFO: Adding recipe for Fuel
INFO: Adding recipe for Fuel
INFO: Removing 1 recipes
INFO: Removing 1 recipes
INFO: Removing 1 recipes
INFO: Removing 1 recipes
INFO: Removing 1 recipes
INFO: Removing 1 recipes
INFO: Removing 1 recipes
INFO: Removing 1 recipes
INFO: Removing 1 recipes
INFO: Removing 1 recipes
INFO: Removing 1 recipes
INFO: Adding recipe for Лента 30мм взрывных боеприпасов.name
INFO: Adding recipe for Лента 30мм бронебойных боеприпасов.name
INFO: Adding recipe for ПТУР.name
INFO: Adding recipe for 120ММ HEAT.name
INFO: Adding recipe for FGM-148 Javelin Ammo
INFO: Adding recipe for FGM-148 Javelin
INFO: Removing recipe for FGM-148 Javelin
INFO: Removing recipe for FGM-148 Javelin Ammo
INFO: Removing recipe for 120ММ HEAT.name
INFO: Removing recipe for ПТУР.name
INFO: Removing recipe for Лента 30мм бронебойных боеприпасов.name
INFO: Removing recipe for Лента 30мм взрывных боеприпасов.name
INFO: Restoring 1 recipes
INFO: Restoring 1 recipes
INFO: Restoring 1 recipes
INFO: Restoring 1 recipes
INFO: Restoring 1 recipes
INFO: Restoring 1 recipes
INFO: Restoring 1 recipes
INFO: Restoring 1 recipes
INFO: Restoring 1 recipes
INFO: Restoring 1 recipes
INFO: Restoring 1 recipes
INFO: Removing recipe for Fuel
INFO: Removing recipe for Fuel
INFO: Removing recipe for Fuel
INFO: Removing recipe for Fuel
INFO: Restoring 1 recipes
INFO: Removing recipe for Сингулярность
INFO: tried to remove command: mfr failed. THIS IS NOT AN ERROR!
INFO: 
INFO: Hello world!
INFO: Adding recipe for Сингулярность
INFO: Removing 1 recipes
INFO: Adding recipe for Fuel
INFO: Adding recipe for Fuel
INFO: Adding recipe for Fuel
INFO: Adding recipe for Fuel
INFO: Removing 1 recipes
INFO: Removing 1 recipes
INFO: Removing 1 recipes
INFO: Removing 1 recipes
INFO: Removing 1 recipes
INFO: Removing 1 recipes
INFO: Removing 1 recipes
INFO: Removing 1 recipes
INFO: Removing 1 recipes
INFO: Removing 1 recipes
INFO: Removing 1 recipes
INFO: Adding recipe for Лента 30мм взрывных боеприпасов.name
INFO: Adding recipe for Лента 30мм бронебойных боеприпасов.name
INFO: Adding recipe for ПТУР.name
INFO: Adding recipe for 120ММ HEAT.name
INFO: Adding recipe for FGM-148 Javelin Ammo
INFO: Adding recipe for FGM-148 Javelin
